Pig Stack Trace
---------------
ERROR 1200: Pig script failed to parse: 
<file q4.pig, line 22, column 29> expression is not a project expression: (Name: ScalarExpression) Type: null Uid: null)

org.apache.pig.impl.logicalLayer.FrontendException: ERROR 1000: Error during parsing. Pig script failed to parse: 
<file q4.pig, line 22, column 29> expression is not a project expression: (Name: ScalarExpression) Type: null Uid: null)
	at org.apache.pig.PigServer$Graph.parseQuery(PigServer.java:1701)
	at org.apache.pig.PigServer$Graph.access$000(PigServer.java:1421)
	at org.apache.pig.PigServer.parseAndBuild(PigServer.java:354)
	at org.apache.pig.PigServer.executeBatch(PigServer.java:379)
	at org.apache.pig.PigServer.executeBatch(PigServer.java:365)
	at org.apache.pig.tools.grunt.GruntParser.executeBatch(GruntParser.java:140)
	at org.apache.pig.tools.grunt.GruntParser.parseStopOnError(GruntParser.java:202)
	at org.apache.pig.tools.grunt.GruntParser.parseStopOnError(GruntParser.java:173)
	at org.apache.pig.tools.grunt.Grunt.exec(Grunt.java:84)
	at org.apache.pig.Main.run(Main.java:613)
	at org.apache.pig.Main.main(Main.java:158)
	at sun.reflect.NativeMethodAccessorImpl.invoke0(Native Method)
	at sun.reflect.NativeMethodAccessorImpl.invoke(NativeMethodAccessorImpl.java:62)
	at sun.reflect.DelegatingMethodAccessorImpl.invoke(DelegatingMethodAccessorImpl.java:43)
	at java.lang.reflect.Method.invoke(Method.java:498)
	at org.apache.hadoop.util.RunJar.run(RunJar.java:221)
	at org.apache.hadoop.util.RunJar.main(RunJar.java:136)
Caused by: Failed to parse: Pig script failed to parse: 
<file q4.pig, line 22, column 29> expression is not a project expression: (Name: ScalarExpression) Type: null Uid: null)
	at org.apache.pig.parser.QueryParserDriver.parse(QueryParserDriver.java:196)
	at org.apache.pig.PigServer$Graph.parseQuery(PigServer.java:1688)
	... 16 more
Caused by: 
<file q4.pig, line 22, column 29> expression is not a project expression: (Name: ScalarExpression) Type: null Uid: null)
	at org.apache.pig.parser.LogicalPlanBuilder.buildNestedOperatorInput(LogicalPlanBuilder.java:1117)
	at org.apache.pig.parser.LogicalPlanGenerator.nested_op_input(LogicalPlanGenerator.java:17723)
	at org.apache.pig.parser.LogicalPlanGenerator.nested_limit(LogicalPlanGenerator.java:17180)
	at org.apache.pig.parser.LogicalPlanGenerator.nested_op(LogicalPlanGenerator.java:16541)
	at org.apache.pig.parser.LogicalPlanGenerator.nested_command(LogicalPlanGenerator.java:16258)
	at org.apache.pig.parser.LogicalPlanGenerator.nested_blk(LogicalPlanGenerator.java:16116)
	at org.apache.pig.parser.LogicalPlanGenerator.foreach_plan(LogicalPlanGenerator.java:16024)
	at org.apache.pig.parser.LogicalPlanGenerator.foreach_clause(LogicalPlanGenerator.java:15849)
	at org.apache.pig.parser.LogicalPlanGenerator.op_clause(LogicalPlanGenerator.java:1933)
	at org.apache.pig.parser.LogicalPlanGenerator.general_statement(LogicalPlanGenerator.java:1102)
	at org.apache.pig.parser.LogicalPlanGenerator.statement(LogicalPlanGenerator.java:560)
	at org.apache.pig.parser.LogicalPlanGenerator.query(LogicalPlanGenerator.java:421)
	at org.apache.pig.parser.QueryParserDriver.parse(QueryParserDriver.java:188)
	... 17 more
================================================================================
