Pig Stack Trace
---------------
ERROR 1200: Pig script failed to parse: 
<file new_q1.pig, line 20, column 30> Undefined alias: state_and_feature

org.apache.pig.impl.logicalLayer.FrontendException: ERROR 1000: Error during parsing. Pig script failed to parse: 
<file new_q1.pig, line 20, column 30> Undefined alias: state_and_feature
	at org.apache.pig.PigServer$Graph.parseQuery(PigServer.java:1701)
	at org.apache.pig.PigServer$Graph.access$000(PigServer.java:1421)
	at org.apache.pig.PigServer.parseAndBuild(PigServer.java:354)
	at org.apache.pig.PigServer.executeBatch(PigServer.java:379)
	at org.apache.pig.PigServer.executeBatch(PigServer.java:365)
	at org.apache.pig.tools.grunt.GruntParser.executeBatch(GruntParser.java:140)
	at org.apache.pig.tools.grunt.GruntParser.parseStopOnError(GruntParser.java:202)
	at org.apache.pig.tools.grunt.GruntParser.parseStopOnError(GruntParser.java:173)
	at org.apache.pig.tools.grunt.Grunt.exec(Grunt.java:84)
	at org.apache.pig.Main.run(Main.java:613)
	at org.apache.pig.Main.main(Main.java:158)
	at sun.reflect.NativeMethodAccessorImpl.invoke0(Native Method)
	at sun.reflect.NativeMethodAccessorImpl.invoke(NativeMethodAccessorImpl.java:62)
	at sun.reflect.DelegatingMethodAccessorImpl.invoke(DelegatingMethodAccessorImpl.java:43)
	at java.lang.reflect.Method.invoke(Method.java:498)
	at org.apache.hadoop.util.RunJar.run(RunJar.java:221)
	at org.apache.hadoop.util.RunJar.main(RunJar.java:136)
Caused by: Failed to parse: Pig script failed to parse: 
<file new_q1.pig, line 20, column 30> Undefined alias: state_and_feature
	at org.apache.pig.parser.QueryParserDriver.parse(QueryParserDriver.java:196)
	at org.apache.pig.PigServer$Graph.parseQuery(PigServer.java:1688)
	... 16 more
Caused by: 
<file new_q1.pig, line 20, column 30> Undefined alias: state_and_feature
	at org.apache.pig.parser.AstValidator.validateAliasRef(AstValidator.java:278)
	at org.apache.pig.parser.AstValidator.rel(AstValidator.java:6526)
	at org.apache.pig.parser.AstValidator.filter_clause(AstValidator.java:7318)
	at org.apache.pig.parser.AstValidator.op_clause(AstValidator.java:1683)
	at org.apache.pig.parser.AstValidator.general_statement(AstValidator.java:1035)
	at org.apache.pig.parser.AstValidator.statement(AstValidator.java:499)
	at org.apache.pig.parser.AstValidator.query(AstValidator.java:373)
	at org.apache.pig.parser.QueryParserDriver.validateAst(QueryParserDriver.java:255)
	at org.apache.pig.parser.QueryParserDriver.parse(QueryParserDriver.java:183)
	... 17 more
================================================================================
