Pig Stack Trace
---------------
ERROR 1068: Using Bag as key not supported.

org.apache.pig.backend.hadoop.executionengine.mapReduceLayer.JobCreationException: ERROR 1068: Using Bag as key not supported.
	at org.apache.pig.backend.hadoop.executionengine.mapReduceLayer.JobControlCompiler.selectComparator(JobControlCompiler.java:1275)
	at org.apache.pig.backend.hadoop.executionengine.mapReduceLayer.JobControlCompiler.getJob(JobControlCompiler.java:753)
	at org.apache.pig.backend.hadoop.executionengine.mapReduceLayer.JobControlCompiler.compile(JobControlCompiler.java:298)
	at org.apache.pig.backend.hadoop.executionengine.mapReduceLayer.MapReduceLauncher.launchPig(MapReduceLauncher.java:190)
	at org.apache.pig.PigServer.launchPlan(PigServer.java:1334)
	at org.apache.pig.PigServer.executeCompiledLogicalPlan(PigServer.java:1319)
	at org.apache.pig.PigServer.execute(PigServer.java:1309)
	at org.apache.pig.PigServer.executeBatch(PigServer.java:387)
	at org.apache.pig.PigServer.executeBatch(PigServer.java:365)
	at org.apache.pig.tools.grunt.GruntParser.executeBatch(GruntParser.java:140)
	at org.apache.pig.tools.grunt.GruntParser.parseStopOnError(GruntParser.java:202)
	at org.apache.pig.tools.grunt.GruntParser.parseStopOnError(GruntParser.java:173)
	at org.apache.pig.tools.grunt.Grunt.exec(Grunt.java:84)
	at org.apache.pig.Main.run(Main.java:613)
	at org.apache.pig.Main.main(Main.java:158)
	at sun.reflect.NativeMethodAccessorImpl.invoke0(Native Method)
	at sun.reflect.NativeMethodAccessorImpl.invoke(NativeMethodAccessorImpl.java:62)
	at sun.reflect.DelegatingMethodAccessorImpl.invoke(DelegatingMethodAccessorImpl.java:43)
	at java.lang.reflect.Method.invoke(Method.java:498)
	at org.apache.hadoop.util.RunJar.run(RunJar.java:221)
	at org.apache.hadoop.util.RunJar.main(RunJar.java:136)
================================================================================
