Pig Stack Trace
---------------
ERROR 1070: Could not resolve AVERAGE using imports: [, java.lang., org.apache.pig.builtin., org.apache.pig.impl.builtin.]

Failed to parse: Pig script failed to parse: 
<line 43, column 29> Failed to generate logical plan. Nested exception: org.apache.pig.backend.executionengine.ExecException: ERROR 1070: Could not resolve AVERAGE using imports: [, java.lang., org.apache.pig.builtin., org.apache.pig.impl.builtin.]
	at org.apache.pig.parser.QueryParserDriver.parse(QueryParserDriver.java:196)
	at org.apache.pig.PigServer$Graph.validateQuery(PigServer.java:1660)
	at org.apache.pig.PigServer$Graph.registerQuery(PigServer.java:1633)
	at org.apache.pig.PigServer.registerQuery(PigServer.java:587)
	at org.apache.pig.tools.grunt.GruntParser.processPig(GruntParser.java:1090)
	at org.apache.pig.tools.pigscript.parser.PigScriptParser.parse(PigScriptParser.java:501)
	at org.apache.pig.tools.grunt.GruntParser.parseStopOnError(GruntParser.java:198)
	at org.apache.pig.tools.grunt.GruntParser.parseStopOnError(GruntParser.java:173)
	at org.apache.pig.tools.grunt.Grunt.run(Grunt.java:69)
	at org.apache.pig.Main.run(Main.java:547)
	at org.apache.pig.Main.main(Main.java:158)
	at sun.reflect.NativeMethodAccessorImpl.invoke0(Native Method)
	at sun.reflect.NativeMethodAccessorImpl.invoke(NativeMethodAccessorImpl.java:62)
	at sun.reflect.DelegatingMethodAccessorImpl.invoke(DelegatingMethodAccessorImpl.java:43)
	at java.lang.reflect.Method.invoke(Method.java:498)
	at org.apache.hadoop.util.RunJar.run(RunJar.java:221)
	at org.apache.hadoop.util.RunJar.main(RunJar.java:136)
Caused by: 
<line 43, column 29> Failed to generate logical plan. Nested exception: org.apache.pig.backend.executionengine.ExecException: ERROR 1070: Could not resolve AVERAGE using imports: [, java.lang., org.apache.pig.builtin., org.apache.pig.impl.builtin.]
	at org.apache.pig.parser.LogicalPlanBuilder.buildUDF(LogicalPlanBuilder.java:1507)
	at org.apache.pig.parser.LogicalPlanGenerator.func_eval(LogicalPlanGenerator.java:9372)
	at org.apache.pig.parser.LogicalPlanGenerator.projectable_expr(LogicalPlanGenerator.java:11051)
	at org.apache.pig.parser.LogicalPlanGenerator.var_expr(LogicalPlanGenerator.java:10810)
	at org.apache.pig.parser.LogicalPlanGenerator.expr(LogicalPlanGenerator.java:10159)
	at org.apache.pig.parser.LogicalPlanGenerator.flatten_generated_item(LogicalPlanGenerator.java:7488)
	at org.apache.pig.parser.LogicalPlanGenerator.generate_clause(LogicalPlanGenerator.java:17590)
	at org.apache.pig.parser.LogicalPlanGenerator.nested_blk(LogicalPlanGenerator.java:16137)
	at org.apache.pig.parser.LogicalPlanGenerator.foreach_plan(LogicalPlanGenerator.java:16024)
	at org.apache.pig.parser.LogicalPlanGenerator.foreach_clause(LogicalPlanGenerator.java:15849)
	at org.apache.pig.parser.LogicalPlanGenerator.op_clause(LogicalPlanGenerator.java:1933)
	at org.apache.pig.parser.LogicalPlanGenerator.general_statement(LogicalPlanGenerator.java:1102)
	at org.apache.pig.parser.LogicalPlanGenerator.statement(LogicalPlanGenerator.java:560)
	at org.apache.pig.parser.LogicalPlanGenerator.query(LogicalPlanGenerator.java:421)
	at org.apache.pig.parser.QueryParserDriver.parse(QueryParserDriver.java:188)
	... 16 more
Caused by: org.apache.pig.backend.executionengine.ExecException: ERROR 1070: Could not resolve AVERAGE using imports: [, java.lang., org.apache.pig.builtin., org.apache.pig.impl.builtin.]
	at org.apache.pig.impl.PigContext.resolveClassName(PigContext.java:653)
	at org.apache.pig.impl.PigContext.getClassForAlias(PigContext.java:769)
	at org.apache.pig.parser.LogicalPlanBuilder.buildUDF(LogicalPlanBuilder.java:1504)
	... 30 more
================================================================================
Pig Stack Trace
---------------
ERROR 1200: Pig script failed to parse: 
<line 39, column 22> Undefined alias: state_details

Failed to parse: Pig script failed to parse: 
<line 39, column 22> Undefined alias: state_details
	at org.apache.pig.parser.QueryParserDriver.parse(QueryParserDriver.java:196)
	at org.apache.pig.PigServer$Graph.validateQuery(PigServer.java:1660)
	at org.apache.pig.PigServer$Graph.registerQuery(PigServer.java:1633)
	at org.apache.pig.PigServer.registerQuery(PigServer.java:587)
	at org.apache.pig.tools.grunt.GruntParser.processPig(GruntParser.java:1093)
	at org.apache.pig.tools.pigscript.parser.PigScriptParser.parse(PigScriptParser.java:501)
	at org.apache.pig.tools.grunt.GruntParser.parseStopOnError(GruntParser.java:198)
	at org.apache.pig.tools.grunt.GruntParser.parseStopOnError(GruntParser.java:173)
	at org.apache.pig.tools.grunt.Grunt.run(Grunt.java:69)
	at org.apache.pig.Main.run(Main.java:547)
	at org.apache.pig.Main.main(Main.java:158)
	at sun.reflect.NativeMethodAccessorImpl.invoke0(Native Method)
	at sun.reflect.NativeMethodAccessorImpl.invoke(NativeMethodAccessorImpl.java:62)
	at sun.reflect.DelegatingMethodAccessorImpl.invoke(DelegatingMethodAccessorImpl.java:43)
	at java.lang.reflect.Method.invoke(Method.java:498)
	at org.apache.hadoop.util.RunJar.run(RunJar.java:221)
	at org.apache.hadoop.util.RunJar.main(RunJar.java:136)
Caused by: 
<line 39, column 22> Undefined alias: state_details
	at org.apache.pig.parser.AstValidator.validateAliasRef(AstValidator.java:278)
	at org.apache.pig.parser.AstValidator.rel(AstValidator.java:6526)
	at org.apache.pig.parser.AstValidator.order_clause(AstValidator.java:12044)
	at org.apache.pig.parser.AstValidator.op_clause(AstValidator.java:1763)
	at org.apache.pig.parser.AstValidator.general_statement(AstValidator.java:1035)
	at org.apache.pig.parser.AstValidator.statement(AstValidator.java:499)
	at org.apache.pig.parser.AstValidator.query(AstValidator.java:373)
	at org.apache.pig.parser.QueryParserDriver.validateAst(QueryParserDriver.java:255)
	at org.apache.pig.parser.QueryParserDriver.parse(QueryParserDriver.java:183)
	... 16 more
================================================================================
Pig Stack Trace
---------------
ERROR 1070: Could not resolve AVERAGE using imports: [, java.lang., org.apache.pig.builtin., org.apache.pig.impl.builtin.]

Failed to parse: Pig script failed to parse: 
<line 62, column 29> Failed to generate logical plan. Nested exception: org.apache.pig.backend.executionengine.ExecException: ERROR 1070: Could not resolve AVERAGE using imports: [, java.lang., org.apache.pig.builtin., org.apache.pig.impl.builtin.]
	at org.apache.pig.parser.QueryParserDriver.parse(QueryParserDriver.java:196)
	at org.apache.pig.PigServer$Graph.validateQuery(PigServer.java:1660)
	at org.apache.pig.PigServer$Graph.registerQuery(PigServer.java:1633)
	at org.apache.pig.PigServer.registerQuery(PigServer.java:587)
	at org.apache.pig.tools.grunt.GruntParser.processPig(GruntParser.java:1090)
	at org.apache.pig.tools.pigscript.parser.PigScriptParser.parse(PigScriptParser.java:501)
	at org.apache.pig.tools.grunt.GruntParser.parseStopOnError(GruntParser.java:198)
	at org.apache.pig.tools.grunt.GruntParser.parseStopOnError(GruntParser.java:173)
	at org.apache.pig.tools.grunt.Grunt.run(Grunt.java:69)
	at org.apache.pig.Main.run(Main.java:547)
	at org.apache.pig.Main.main(Main.java:158)
	at sun.reflect.NativeMethodAccessorImpl.invoke0(Native Method)
	at sun.reflect.NativeMethodAccessorImpl.invoke(NativeMethodAccessorImpl.java:62)
	at sun.reflect.DelegatingMethodAccessorImpl.invoke(DelegatingMethodAccessorImpl.java:43)
	at java.lang.reflect.Method.invoke(Method.java:498)
	at org.apache.hadoop.util.RunJar.run(RunJar.java:221)
	at org.apache.hadoop.util.RunJar.main(RunJar.java:136)
Caused by: 
<line 62, column 29> Failed to generate logical plan. Nested exception: org.apache.pig.backend.executionengine.ExecException: ERROR 1070: Could not resolve AVERAGE using imports: [, java.lang., org.apache.pig.builtin., org.apache.pig.impl.builtin.]
	at org.apache.pig.parser.LogicalPlanBuilder.buildUDF(LogicalPlanBuilder.java:1507)
	at org.apache.pig.parser.LogicalPlanGenerator.func_eval(LogicalPlanGenerator.java:9372)
	at org.apache.pig.parser.LogicalPlanGenerator.projectable_expr(LogicalPlanGenerator.java:11051)
	at org.apache.pig.parser.LogicalPlanGenerator.var_expr(LogicalPlanGenerator.java:10810)
	at org.apache.pig.parser.LogicalPlanGenerator.expr(LogicalPlanGenerator.java:10159)
	at org.apache.pig.parser.LogicalPlanGenerator.flatten_generated_item(LogicalPlanGenerator.java:7488)
	at org.apache.pig.parser.LogicalPlanGenerator.generate_clause(LogicalPlanGenerator.java:17590)
	at org.apache.pig.parser.LogicalPlanGenerator.nested_blk(LogicalPlanGenerator.java:16137)
	at org.apache.pig.parser.LogicalPlanGenerator.foreach_plan(LogicalPlanGenerator.java:16024)
	at org.apache.pig.parser.LogicalPlanGenerator.foreach_clause(LogicalPlanGenerator.java:15849)
	at org.apache.pig.parser.LogicalPlanGenerator.op_clause(LogicalPlanGenerator.java:1933)
	at org.apache.pig.parser.LogicalPlanGenerator.general_statement(LogicalPlanGenerator.java:1102)
	at org.apache.pig.parser.LogicalPlanGenerator.statement(LogicalPlanGenerator.java:560)
	at org.apache.pig.parser.LogicalPlanGenerator.query(LogicalPlanGenerator.java:421)
	at org.apache.pig.parser.QueryParserDriver.parse(QueryParserDriver.java:188)
	... 16 more
Caused by: org.apache.pig.backend.executionengine.ExecException: ERROR 1070: Could not resolve AVERAGE using imports: [, java.lang., org.apache.pig.builtin., org.apache.pig.impl.builtin.]
	at org.apache.pig.impl.PigContext.resolveClassName(PigContext.java:653)
	at org.apache.pig.impl.PigContext.getClassForAlias(PigContext.java:769)
	at org.apache.pig.parser.LogicalPlanBuilder.buildUDF(LogicalPlanBuilder.java:1504)
	... 30 more
================================================================================
Pig Stack Trace
---------------
ERROR 1025: 
<line 79, column 33> Invalid field projection. Projected field [populated_population] does not exist in schema: group:chararray,join_feature_populated_bag:bag{:tuple(feature_data::feature_county:chararray,feature_data::feature_state_name:chararray,populated_place_data::populated_county:chararray,populated_place_data::populated_elevation:int,populated_place_data::populated_population:int)}.

org.apache.pig.impl.plan.PlanValidationException: ERROR 1025: 
<line 79, column 33> Invalid field projection. Projected field [populated_population] does not exist in schema: group:chararray,join_feature_populated_bag:bag{:tuple(feature_data::feature_county:chararray,feature_data::feature_state_name:chararray,populated_place_data::populated_county:chararray,populated_place_data::populated_elevation:int,populated_place_data::populated_population:int)}.
	at org.apache.pig.newplan.logical.expression.ProjectExpression.findColNum(ProjectExpression.java:191)
	at org.apache.pig.newplan.logical.expression.ProjectExpression.setColumnNumberFromAlias(ProjectExpression.java:174)
	at org.apache.pig.newplan.logical.visitor.ColumnAliasConversionVisitor$1.visit(ColumnAliasConversionVisitor.java:53)
	at org.apache.pig.newplan.logical.expression.ProjectExpression.accept(ProjectExpression.java:215)
	at org.apache.pig.newplan.DependencyOrderWalker.walk(DependencyOrderWalker.java:75)
	at org.apache.pig.newplan.PlanVisitor.visit(PlanVisitor.java:52)
	at org.apache.pig.newplan.logical.optimizer.AllExpressionVisitor.visit(AllExpressionVisitor.java:142)
	at org.apache.pig.newplan.logical.relational.LOInnerLoad.accept(LOInnerLoad.java:128)
	at org.apache.pig.newplan.DependencyOrderWalker.walk(DependencyOrderWalker.java:75)
	at org.apache.pig.newplan.logical.optimizer.AllExpressionVisitor.visit(AllExpressionVisitor.java:124)
	at org.apache.pig.newplan.logical.relational.LOForEach.accept(LOForEach.java:76)
	at org.apache.pig.newplan.DependencyOrderWalker.walk(DependencyOrderWalker.java:75)
	at org.apache.pig.newplan.PlanVisitor.visit(PlanVisitor.java:52)
	at org.apache.pig.PigServer$Graph.compile(PigServer.java:1728)
	at org.apache.pig.PigServer$Graph.validateQuery(PigServer.java:1661)
	at org.apache.pig.PigServer$Graph.registerQuery(PigServer.java:1633)
	at org.apache.pig.PigServer.registerQuery(PigServer.java:587)
	at org.apache.pig.tools.grunt.GruntParser.processPig(GruntParser.java:1090)
	at org.apache.pig.tools.pigscript.parser.PigScriptParser.parse(PigScriptParser.java:501)
	at org.apache.pig.tools.grunt.GruntParser.parseStopOnError(GruntParser.java:198)
	at org.apache.pig.tools.grunt.GruntParser.parseStopOnError(GruntParser.java:173)
	at org.apache.pig.tools.grunt.Grunt.run(Grunt.java:69)
	at org.apache.pig.Main.run(Main.java:547)
	at org.apache.pig.Main.main(Main.java:158)
	at sun.reflect.NativeMethodAccessorImpl.invoke0(Native Method)
	at sun.reflect.NativeMethodAccessorImpl.invoke(NativeMethodAccessorImpl.java:62)
	at sun.reflect.DelegatingMethodAccessorImpl.invoke(DelegatingMethodAccessorImpl.java:43)
	at java.lang.reflect.Method.invoke(Method.java:498)
	at org.apache.hadoop.util.RunJar.run(RunJar.java:221)
	at org.apache.hadoop.util.RunJar.main(RunJar.java:136)
================================================================================
Pig Stack Trace
---------------
ERROR 1000: Error during parsing. Encountered " <PATH> "{ "" at line 31, column 1.
Was expecting one of:
    <EOF> 
    "cat" ...
    "clear" ...
    "fs" ...
    "sh" ...
    "cd" ...
    "cp" ...
    "copyFromLocal" ...
    "copyToLocal" ...
    "dump" ...
    "\\d" ...
    "describe" ...
    "\\de" ...
    "aliases" ...
    "explain" ...
    "\\e" ...
    "help" ...
    "history" ...
    "kill" ...
    "ls" ...
    "mv" ...
    "mkdir" ...
    "pwd" ...
    "quit" ...
    "\\q" ...
    "register" ...
    "rm" ...
    "rmf" ...
    "set" ...
    "illustrate" ...
    "\\i" ...
    "run" ...
    "exec" ...
    "scriptDone" ...
    "" ...
    "" ...
    <EOL> ...
    ";" ...
    

org.apache.pig.tools.pigscript.parser.ParseException: Encountered " <PATH> "{ "" at line 31, column 1.
Was expecting one of:
    <EOF> 
    "cat" ...
    "clear" ...
    "fs" ...
    "sh" ...
    "cd" ...
    "cp" ...
    "copyFromLocal" ...
    "copyToLocal" ...
    "dump" ...
    "\\d" ...
    "describe" ...
    "\\de" ...
    "aliases" ...
    "explain" ...
    "\\e" ...
    "help" ...
    "history" ...
    "kill" ...
    "ls" ...
    "mv" ...
    "mkdir" ...
    "pwd" ...
    "quit" ...
    "\\q" ...
    "register" ...
    "rm" ...
    "rmf" ...
    "set" ...
    "illustrate" ...
    "\\i" ...
    "run" ...
    "exec" ...
    "scriptDone" ...
    "" ...
    "" ...
    <EOL> ...
    ";" ...
    
	at org.apache.pig.tools.pigscript.parser.PigScriptParser.generateParseException(PigScriptParser.java:1428)
	at org.apache.pig.tools.pigscript.parser.PigScriptParser.handle_invalid_command(PigScriptParser.java:1236)
	at org.apache.pig.tools.pigscript.parser.PigScriptParser.parse(PigScriptParser.java:710)
	at org.apache.pig.tools.grunt.GruntParser.parseStopOnError(GruntParser.java:198)
	at org.apache.pig.tools.grunt.GruntParser.parseStopOnError(GruntParser.java:173)
	at org.apache.pig.tools.grunt.Grunt.run(Grunt.java:69)
	at org.apache.pig.Main.run(Main.java:547)
	at org.apache.pig.Main.main(Main.java:158)
	at sun.reflect.NativeMethodAccessorImpl.invoke0(Native Method)
	at sun.reflect.NativeMethodAccessorImpl.invoke(NativeMethodAccessorImpl.java:62)
	at sun.reflect.DelegatingMethodAccessorImpl.invoke(DelegatingMethodAccessorImpl.java:43)
	at java.lang.reflect.Method.invoke(Method.java:498)
	at org.apache.hadoop.util.RunJar.run(RunJar.java:221)
	at org.apache.hadoop.util.RunJar.main(RunJar.java:136)
================================================================================
Pig Stack Trace
---------------
ERROR 1025: 
<line 117, column 33> Invalid field projection. Projected field [populated_place_data::populated_population] does not exist in schema: group:chararray,join_feature_populated_bag:bag{:tuple(feature_data::feature_county:chararray,feature_data::feature_state_name:chararray,populated_place_data::populated_county:chararray,populated_place_data::populated_elevation:int,populated_place_data::populated_population:int)}.

org.apache.pig.impl.plan.PlanValidationException: ERROR 1025: 
<line 117, column 33> Invalid field projection. Projected field [populated_place_data::populated_population] does not exist in schema: group:chararray,join_feature_populated_bag:bag{:tuple(feature_data::feature_county:chararray,feature_data::feature_state_name:chararray,populated_place_data::populated_county:chararray,populated_place_data::populated_elevation:int,populated_place_data::populated_population:int)}.
	at org.apache.pig.newplan.logical.expression.ProjectExpression.findColNum(ProjectExpression.java:191)
	at org.apache.pig.newplan.logical.expression.ProjectExpression.setColumnNumberFromAlias(ProjectExpression.java:174)
	at org.apache.pig.newplan.logical.visitor.ColumnAliasConversionVisitor$1.visit(ColumnAliasConversionVisitor.java:53)
	at org.apache.pig.newplan.logical.expression.ProjectExpression.accept(ProjectExpression.java:215)
	at org.apache.pig.newplan.DependencyOrderWalker.walk(DependencyOrderWalker.java:75)
	at org.apache.pig.newplan.PlanVisitor.visit(PlanVisitor.java:52)
	at org.apache.pig.newplan.logical.optimizer.AllExpressionVisitor.visit(AllExpressionVisitor.java:142)
	at org.apache.pig.newplan.logical.relational.LOInnerLoad.accept(LOInnerLoad.java:128)
	at org.apache.pig.newplan.DependencyOrderWalker.walk(DependencyOrderWalker.java:75)
	at org.apache.pig.newplan.logical.optimizer.AllExpressionVisitor.visit(AllExpressionVisitor.java:124)
	at org.apache.pig.newplan.logical.relational.LOForEach.accept(LOForEach.java:76)
	at org.apache.pig.newplan.DependencyOrderWalker.walk(DependencyOrderWalker.java:75)
	at org.apache.pig.newplan.PlanVisitor.visit(PlanVisitor.java:52)
	at org.apache.pig.PigServer$Graph.compile(PigServer.java:1728)
	at org.apache.pig.PigServer$Graph.validateQuery(PigServer.java:1661)
	at org.apache.pig.PigServer$Graph.registerQuery(PigServer.java:1633)
	at org.apache.pig.PigServer.registerQuery(PigServer.java:587)
	at org.apache.pig.tools.grunt.GruntParser.processPig(GruntParser.java:1090)
	at org.apache.pig.tools.pigscript.parser.PigScriptParser.parse(PigScriptParser.java:501)
	at org.apache.pig.tools.grunt.GruntParser.parseStopOnError(GruntParser.java:198)
	at org.apache.pig.tools.grunt.GruntParser.parseStopOnError(GruntParser.java:173)
	at org.apache.pig.tools.grunt.Grunt.run(Grunt.java:69)
	at org.apache.pig.Main.run(Main.java:547)
	at org.apache.pig.Main.main(Main.java:158)
	at sun.reflect.NativeMethodAccessorImpl.invoke0(Native Method)
	at sun.reflect.NativeMethodAccessorImpl.invoke(NativeMethodAccessorImpl.java:62)
	at sun.reflect.DelegatingMethodAccessorImpl.invoke(DelegatingMethodAccessorImpl.java:43)
	at java.lang.reflect.Method.invoke(Method.java:498)
	at org.apache.hadoop.util.RunJar.run(RunJar.java:221)
	at org.apache.hadoop.util.RunJar.main(RunJar.java:136)
================================================================================
Pig Stack Trace
---------------
ERROR 1025: 
<line 136, column 33> Invalid field projection. Projected field [populated_population] does not exist in schema: group:chararray,join_feature_populated_bag:bag{:tuple(feature_data::feature_county:chararray,feature_data::feature_state_name:chararray,populated_place_data::populated_county:chararray,populated_place_data::populated_elevation:int,populated_place_data::populated_population:int)}.

org.apache.pig.impl.plan.PlanValidationException: ERROR 1025: 
<line 136, column 33> Invalid field projection. Projected field [populated_population] does not exist in schema: group:chararray,join_feature_populated_bag:bag{:tuple(feature_data::feature_county:chararray,feature_data::feature_state_name:chararray,populated_place_data::populated_county:chararray,populated_place_data::populated_elevation:int,populated_place_data::populated_population:int)}.
	at org.apache.pig.newplan.logical.expression.ProjectExpression.findColNum(ProjectExpression.java:191)
	at org.apache.pig.newplan.logical.expression.ProjectExpression.setColumnNumberFromAlias(ProjectExpression.java:174)
	at org.apache.pig.newplan.logical.visitor.ColumnAliasConversionVisitor$1.visit(ColumnAliasConversionVisitor.java:53)
	at org.apache.pig.newplan.logical.expression.ProjectExpression.accept(ProjectExpression.java:215)
	at org.apache.pig.newplan.DependencyOrderWalker.walk(DependencyOrderWalker.java:75)
	at org.apache.pig.newplan.PlanVisitor.visit(PlanVisitor.java:52)
	at org.apache.pig.newplan.logical.optimizer.AllExpressionVisitor.visit(AllExpressionVisitor.java:142)
	at org.apache.pig.newplan.logical.relational.LOInnerLoad.accept(LOInnerLoad.java:128)
	at org.apache.pig.newplan.DependencyOrderWalker.walk(DependencyOrderWalker.java:75)
	at org.apache.pig.newplan.logical.optimizer.AllExpressionVisitor.visit(AllExpressionVisitor.java:124)
	at org.apache.pig.newplan.logical.relational.LOForEach.accept(LOForEach.java:76)
	at org.apache.pig.newplan.DependencyOrderWalker.walk(DependencyOrderWalker.java:75)
	at org.apache.pig.newplan.PlanVisitor.visit(PlanVisitor.java:52)
	at org.apache.pig.PigServer$Graph.compile(PigServer.java:1728)
	at org.apache.pig.PigServer$Graph.validateQuery(PigServer.java:1661)
	at org.apache.pig.PigServer$Graph.registerQuery(PigServer.java:1633)
	at org.apache.pig.PigServer.registerQuery(PigServer.java:587)
	at org.apache.pig.tools.grunt.GruntParser.processPig(GruntParser.java:1090)
	at org.apache.pig.tools.pigscript.parser.PigScriptParser.parse(PigScriptParser.java:501)
	at org.apache.pig.tools.grunt.GruntParser.parseStopOnError(GruntParser.java:198)
	at org.apache.pig.tools.grunt.GruntParser.parseStopOnError(GruntParser.java:173)
	at org.apache.pig.tools.grunt.Grunt.run(Grunt.java:69)
	at org.apache.pig.Main.run(Main.java:547)
	at org.apache.pig.Main.main(Main.java:158)
	at sun.reflect.NativeMethodAccessorImpl.invoke0(Native Method)
	at sun.reflect.NativeMethodAccessorImpl.invoke(NativeMethodAccessorImpl.java:62)
	at sun.reflect.DelegatingMethodAccessorImpl.invoke(DelegatingMethodAccessorImpl.java:43)
	at java.lang.reflect.Method.invoke(Method.java:498)
	at org.apache.hadoop.util.RunJar.run(RunJar.java:221)
	at org.apache.hadoop.util.RunJar.main(RunJar.java:136)
================================================================================
Pig Stack Trace
---------------
ERROR 1025: 
<line 155, column 33> Invalid field projection. Projected field [populated_place_data::populated_population] does not exist in schema: group:chararray,join_feature_populated_bag:bag{:tuple(feature_data::feature_county:chararray,feature_data::feature_state_name:chararray,populated_place_data::populated_county:chararray,populated_place_data::populated_elevation:int,populated_place_data::populated_population:int)}.

org.apache.pig.impl.plan.PlanValidationException: ERROR 1025: 
<line 155, column 33> Invalid field projection. Projected field [populated_place_data::populated_population] does not exist in schema: group:chararray,join_feature_populated_bag:bag{:tuple(feature_data::feature_county:chararray,feature_data::feature_state_name:chararray,populated_place_data::populated_county:chararray,populated_place_data::populated_elevation:int,populated_place_data::populated_population:int)}.
	at org.apache.pig.newplan.logical.expression.ProjectExpression.findColNum(ProjectExpression.java:191)
	at org.apache.pig.newplan.logical.expression.ProjectExpression.setColumnNumberFromAlias(ProjectExpression.java:174)
	at org.apache.pig.newplan.logical.visitor.ColumnAliasConversionVisitor$1.visit(ColumnAliasConversionVisitor.java:53)
	at org.apache.pig.newplan.logical.expression.ProjectExpression.accept(ProjectExpression.java:215)
	at org.apache.pig.newplan.DependencyOrderWalker.walk(DependencyOrderWalker.java:75)
	at org.apache.pig.newplan.PlanVisitor.visit(PlanVisitor.java:52)
	at org.apache.pig.newplan.logical.optimizer.AllExpressionVisitor.visit(AllExpressionVisitor.java:142)
	at org.apache.pig.newplan.logical.relational.LOInnerLoad.accept(LOInnerLoad.java:128)
	at org.apache.pig.newplan.DependencyOrderWalker.walk(DependencyOrderWalker.java:75)
	at org.apache.pig.newplan.logical.optimizer.AllExpressionVisitor.visit(AllExpressionVisitor.java:124)
	at org.apache.pig.newplan.logical.relational.LOForEach.accept(LOForEach.java:76)
	at org.apache.pig.newplan.DependencyOrderWalker.walk(DependencyOrderWalker.java:75)
	at org.apache.pig.newplan.PlanVisitor.visit(PlanVisitor.java:52)
	at org.apache.pig.PigServer$Graph.compile(PigServer.java:1728)
	at org.apache.pig.PigServer$Graph.validateQuery(PigServer.java:1661)
	at org.apache.pig.PigServer$Graph.registerQuery(PigServer.java:1633)
	at org.apache.pig.PigServer.registerQuery(PigServer.java:587)
	at org.apache.pig.tools.grunt.GruntParser.processPig(GruntParser.java:1090)
	at org.apache.pig.tools.pigscript.parser.PigScriptParser.parse(PigScriptParser.java:501)
	at org.apache.pig.tools.grunt.GruntParser.parseStopOnError(GruntParser.java:198)
	at org.apache.pig.tools.grunt.GruntParser.parseStopOnError(GruntParser.java:173)
	at org.apache.pig.tools.grunt.Grunt.run(Grunt.java:69)
	at org.apache.pig.Main.run(Main.java:547)
	at org.apache.pig.Main.main(Main.java:158)
	at sun.reflect.NativeMethodAccessorImpl.invoke0(Native Method)
	at sun.reflect.NativeMethodAccessorImpl.invoke(NativeMethodAccessorImpl.java:62)
	at sun.reflect.DelegatingMethodAccessorImpl.invoke(DelegatingMethodAccessorImpl.java:43)
	at java.lang.reflect.Method.invoke(Method.java:498)
	at org.apache.hadoop.util.RunJar.run(RunJar.java:221)
	at org.apache.hadoop.util.RunJar.main(RunJar.java:136)
================================================================================
Pig Stack Trace
---------------
ERROR 1025: 
<line 176, column 33> Invalid field projection. Projected field [populated_elevation] does not exist in schema: group:chararray,join_feature_populated_bag:bag{:tuple(feature_data::feature_county:chararray,feature_data::feature_state_name:chararray,populated_place_data::populated_county:chararray,populated_place_data::populated_elevation:int,populated_place_data::populated_population:int)}.

org.apache.pig.impl.plan.PlanValidationException: ERROR 1025: 
<line 176, column 33> Invalid field projection. Projected field [populated_elevation] does not exist in schema: group:chararray,join_feature_populated_bag:bag{:tuple(feature_data::feature_county:chararray,feature_data::feature_state_name:chararray,populated_place_data::populated_county:chararray,populated_place_data::populated_elevation:int,populated_place_data::populated_population:int)}.
	at org.apache.pig.newplan.logical.expression.ProjectExpression.findColNum(ProjectExpression.java:191)
	at org.apache.pig.newplan.logical.expression.ProjectExpression.setColumnNumberFromAlias(ProjectExpression.java:174)
	at org.apache.pig.newplan.logical.visitor.ColumnAliasConversionVisitor$1.visit(ColumnAliasConversionVisitor.java:53)
	at org.apache.pig.newplan.logical.expression.ProjectExpression.accept(ProjectExpression.java:215)
	at org.apache.pig.newplan.DependencyOrderWalker.walk(DependencyOrderWalker.java:75)
	at org.apache.pig.newplan.PlanVisitor.visit(PlanVisitor.java:52)
	at org.apache.pig.newplan.logical.optimizer.AllExpressionVisitor.visit(AllExpressionVisitor.java:142)
	at org.apache.pig.newplan.logical.relational.LOInnerLoad.accept(LOInnerLoad.java:128)
	at org.apache.pig.newplan.DependencyOrderWalker.walk(DependencyOrderWalker.java:75)
	at org.apache.pig.newplan.logical.optimizer.AllExpressionVisitor.visit(AllExpressionVisitor.java:124)
	at org.apache.pig.newplan.logical.relational.LOForEach.accept(LOForEach.java:76)
	at org.apache.pig.newplan.DependencyOrderWalker.walk(DependencyOrderWalker.java:75)
	at org.apache.pig.newplan.PlanVisitor.visit(PlanVisitor.java:52)
	at org.apache.pig.PigServer$Graph.compile(PigServer.java:1728)
	at org.apache.pig.PigServer$Graph.validateQuery(PigServer.java:1661)
	at org.apache.pig.PigServer$Graph.registerQuery(PigServer.java:1633)
	at org.apache.pig.PigServer.registerQuery(PigServer.java:587)
	at org.apache.pig.tools.grunt.GruntParser.processPig(GruntParser.java:1090)
	at org.apache.pig.tools.pigscript.parser.PigScriptParser.parse(PigScriptParser.java:501)
	at org.apache.pig.tools.grunt.GruntParser.parseStopOnError(GruntParser.java:198)
	at org.apache.pig.tools.grunt.GruntParser.parseStopOnError(GruntParser.java:173)
	at org.apache.pig.tools.grunt.Grunt.run(Grunt.java:69)
	at org.apache.pig.Main.run(Main.java:547)
	at org.apache.pig.Main.main(Main.java:158)
	at sun.reflect.NativeMethodAccessorImpl.invoke0(Native Method)
	at sun.reflect.NativeMethodAccessorImpl.invoke(NativeMethodAccessorImpl.java:62)
	at sun.reflect.DelegatingMethodAccessorImpl.invoke(DelegatingMethodAccessorImpl.java:43)
	at java.lang.reflect.Method.invoke(Method.java:498)
	at org.apache.hadoop.util.RunJar.run(RunJar.java:221)
	at org.apache.hadoop.util.RunJar.main(RunJar.java:136)
================================================================================
Pig Stack Trace
---------------
ERROR 1025: 
<line 193, column 33> Invalid field projection. Projected field [populated_place_data::population] does not exist in schema: group:chararray,join_feature_populated_bag:bag{:tuple(feature_data::feature_county:chararray,feature_data::feature_state_name:chararray,populated_place_data::populated_county:chararray,populated_place_data::populated_elevation:int,populated_place_data::population:int)}.

org.apache.pig.impl.plan.PlanValidationException: ERROR 1025: 
<line 193, column 33> Invalid field projection. Projected field [populated_place_data::population] does not exist in schema: group:chararray,join_feature_populated_bag:bag{:tuple(feature_data::feature_county:chararray,feature_data::feature_state_name:chararray,populated_place_data::populated_county:chararray,populated_place_data::populated_elevation:int,populated_place_data::population:int)}.
	at org.apache.pig.newplan.logical.expression.ProjectExpression.findColNum(ProjectExpression.java:191)
	at org.apache.pig.newplan.logical.expression.ProjectExpression.setColumnNumberFromAlias(ProjectExpression.java:174)
	at org.apache.pig.newplan.logical.visitor.ColumnAliasConversionVisitor$1.visit(ColumnAliasConversionVisitor.java:53)
	at org.apache.pig.newplan.logical.expression.ProjectExpression.accept(ProjectExpression.java:215)
	at org.apache.pig.newplan.DependencyOrderWalker.walk(DependencyOrderWalker.java:75)
	at org.apache.pig.newplan.PlanVisitor.visit(PlanVisitor.java:52)
	at org.apache.pig.newplan.logical.optimizer.AllExpressionVisitor.visit(AllExpressionVisitor.java:142)
	at org.apache.pig.newplan.logical.relational.LOInnerLoad.accept(LOInnerLoad.java:128)
	at org.apache.pig.newplan.DependencyOrderWalker.walk(DependencyOrderWalker.java:75)
	at org.apache.pig.newplan.logical.optimizer.AllExpressionVisitor.visit(AllExpressionVisitor.java:124)
	at org.apache.pig.newplan.logical.relational.LOForEach.accept(LOForEach.java:76)
	at org.apache.pig.newplan.DependencyOrderWalker.walk(DependencyOrderWalker.java:75)
	at org.apache.pig.newplan.PlanVisitor.visit(PlanVisitor.java:52)
	at org.apache.pig.PigServer$Graph.compile(PigServer.java:1728)
	at org.apache.pig.PigServer$Graph.validateQuery(PigServer.java:1661)
	at org.apache.pig.PigServer$Graph.registerQuery(PigServer.java:1633)
	at org.apache.pig.PigServer.registerQuery(PigServer.java:587)
	at org.apache.pig.tools.grunt.GruntParser.processPig(GruntParser.java:1090)
	at org.apache.pig.tools.pigscript.parser.PigScriptParser.parse(PigScriptParser.java:501)
	at org.apache.pig.tools.grunt.GruntParser.parseStopOnError(GruntParser.java:198)
	at org.apache.pig.tools.grunt.GruntParser.parseStopOnError(GruntParser.java:173)
	at org.apache.pig.tools.grunt.Grunt.run(Grunt.java:69)
	at org.apache.pig.Main.run(Main.java:547)
	at org.apache.pig.Main.main(Main.java:158)
	at sun.reflect.NativeMethodAccessorImpl.invoke0(Native Method)
	at sun.reflect.NativeMethodAccessorImpl.invoke(NativeMethodAccessorImpl.java:62)
	at sun.reflect.DelegatingMethodAccessorImpl.invoke(DelegatingMethodAccessorImpl.java:43)
	at java.lang.reflect.Method.invoke(Method.java:498)
	at org.apache.hadoop.util.RunJar.run(RunJar.java:221)
	at org.apache.hadoop.util.RunJar.main(RunJar.java:136)
================================================================================
Pig Stack Trace
---------------
ERROR 1025: 
<line 216, column 28> Invalid field projection. Projected field [populated_place_data::population] does not exist in schema: group:chararray,join_feature_populated_bag:bag{:tuple(feature_data::feature_county:chararray,feature_data::feature_state_name:chararray,populated_place_data::populated_county:chararray,populated_place_data::populated_elevation:int,populated_place_data::population:int)}.

org.apache.pig.impl.plan.PlanValidationException: ERROR 1025: 
<line 216, column 28> Invalid field projection. Projected field [populated_place_data::population] does not exist in schema: group:chararray,join_feature_populated_bag:bag{:tuple(feature_data::feature_county:chararray,feature_data::feature_state_name:chararray,populated_place_data::populated_county:chararray,populated_place_data::populated_elevation:int,populated_place_data::population:int)}.
	at org.apache.pig.newplan.logical.expression.ProjectExpression.findColNum(ProjectExpression.java:191)
	at org.apache.pig.newplan.logical.expression.ProjectExpression.setColumnNumberFromAlias(ProjectExpression.java:174)
	at org.apache.pig.newplan.logical.visitor.ColumnAliasConversionVisitor$1.visit(ColumnAliasConversionVisitor.java:53)
	at org.apache.pig.newplan.logical.expression.ProjectExpression.accept(ProjectExpression.java:215)
	at org.apache.pig.newplan.DependencyOrderWalker.walk(DependencyOrderWalker.java:75)
	at org.apache.pig.newplan.PlanVisitor.visit(PlanVisitor.java:52)
	at org.apache.pig.newplan.logical.optimizer.AllExpressionVisitor.visit(AllExpressionVisitor.java:142)
	at org.apache.pig.newplan.logical.relational.LOInnerLoad.accept(LOInnerLoad.java:128)
	at org.apache.pig.newplan.DependencyOrderWalker.walk(DependencyOrderWalker.java:75)
	at org.apache.pig.newplan.logical.optimizer.AllExpressionVisitor.visit(AllExpressionVisitor.java:124)
	at org.apache.pig.newplan.logical.relational.LOForEach.accept(LOForEach.java:76)
	at org.apache.pig.newplan.DependencyOrderWalker.walk(DependencyOrderWalker.java:75)
	at org.apache.pig.newplan.PlanVisitor.visit(PlanVisitor.java:52)
	at org.apache.pig.PigServer$Graph.compile(PigServer.java:1728)
	at org.apache.pig.PigServer$Graph.validateQuery(PigServer.java:1661)
	at org.apache.pig.PigServer$Graph.registerQuery(PigServer.java:1633)
	at org.apache.pig.PigServer.registerQuery(PigServer.java:587)
	at org.apache.pig.tools.grunt.GruntParser.processPig(GruntParser.java:1090)
	at org.apache.pig.tools.pigscript.parser.PigScriptParser.parse(PigScriptParser.java:501)
	at org.apache.pig.tools.grunt.GruntParser.parseStopOnError(GruntParser.java:198)
	at org.apache.pig.tools.grunt.GruntParser.parseStopOnError(GruntParser.java:173)
	at org.apache.pig.tools.grunt.Grunt.run(Grunt.java:69)
	at org.apache.pig.Main.run(Main.java:547)
	at org.apache.pig.Main.main(Main.java:158)
	at sun.reflect.NativeMethodAccessorImpl.invoke0(Native Method)
	at sun.reflect.NativeMethodAccessorImpl.invoke(NativeMethodAccessorImpl.java:62)
	at sun.reflect.DelegatingMethodAccessorImpl.invoke(DelegatingMethodAccessorImpl.java:43)
	at java.lang.reflect.Method.invoke(Method.java:498)
	at org.apache.hadoop.util.RunJar.run(RunJar.java:221)
	at org.apache.hadoop.util.RunJar.main(RunJar.java:136)
================================================================================
Pig Stack Trace
---------------
ERROR 1025: 
<line 235, column 28> Invalid field projection. Projected field [populated_population] does not exist in schema: group:chararray,join_feature_populated_bag:bag{:tuple(feature_data::feature_county:chararray,feature_data::feature_state_name:chararray,populated_place_data::populated_county:chararray,populated_place_data::populated_elevation:int,populated_place_data::populated_population:int)}.

org.apache.pig.impl.plan.PlanValidationException: ERROR 1025: 
<line 235, column 28> Invalid field projection. Projected field [populated_population] does not exist in schema: group:chararray,join_feature_populated_bag:bag{:tuple(feature_data::feature_county:chararray,feature_data::feature_state_name:chararray,populated_place_data::populated_county:chararray,populated_place_data::populated_elevation:int,populated_place_data::populated_population:int)}.
	at org.apache.pig.newplan.logical.expression.ProjectExpression.findColNum(ProjectExpression.java:191)
	at org.apache.pig.newplan.logical.expression.ProjectExpression.setColumnNumberFromAlias(ProjectExpression.java:174)
	at org.apache.pig.newplan.logical.visitor.ColumnAliasConversionVisitor$1.visit(ColumnAliasConversionVisitor.java:53)
	at org.apache.pig.newplan.logical.expression.ProjectExpression.accept(ProjectExpression.java:215)
	at org.apache.pig.newplan.DependencyOrderWalker.walk(DependencyOrderWalker.java:75)
	at org.apache.pig.newplan.PlanVisitor.visit(PlanVisitor.java:52)
	at org.apache.pig.newplan.logical.optimizer.AllExpressionVisitor.visit(AllExpressionVisitor.java:142)
	at org.apache.pig.newplan.logical.relational.LOInnerLoad.accept(LOInnerLoad.java:128)
	at org.apache.pig.newplan.DependencyOrderWalker.walk(DependencyOrderWalker.java:75)
	at org.apache.pig.newplan.logical.optimizer.AllExpressionVisitor.visit(AllExpressionVisitor.java:124)
	at org.apache.pig.newplan.logical.relational.LOForEach.accept(LOForEach.java:76)
	at org.apache.pig.newplan.DependencyOrderWalker.walk(DependencyOrderWalker.java:75)
	at org.apache.pig.newplan.PlanVisitor.visit(PlanVisitor.java:52)
	at org.apache.pig.PigServer$Graph.compile(PigServer.java:1728)
	at org.apache.pig.PigServer$Graph.validateQuery(PigServer.java:1661)
	at org.apache.pig.PigServer$Graph.registerQuery(PigServer.java:1633)
	at org.apache.pig.PigServer.registerQuery(PigServer.java:587)
	at org.apache.pig.tools.grunt.GruntParser.processPig(GruntParser.java:1090)
	at org.apache.pig.tools.pigscript.parser.PigScriptParser.parse(PigScriptParser.java:501)
	at org.apache.pig.tools.grunt.GruntParser.parseStopOnError(GruntParser.java:198)
	at org.apache.pig.tools.grunt.GruntParser.parseStopOnError(GruntParser.java:173)
	at org.apache.pig.tools.grunt.Grunt.run(Grunt.java:69)
	at org.apache.pig.Main.run(Main.java:547)
	at org.apache.pig.Main.main(Main.java:158)
	at sun.reflect.NativeMethodAccessorImpl.invoke0(Native Method)
	at sun.reflect.NativeMethodAccessorImpl.invoke(NativeMethodAccessorImpl.java:62)
	at sun.reflect.DelegatingMethodAccessorImpl.invoke(DelegatingMethodAccessorImpl.java:43)
	at java.lang.reflect.Method.invoke(Method.java:498)
	at org.apache.hadoop.util.RunJar.run(RunJar.java:221)
	at org.apache.hadoop.util.RunJar.main(RunJar.java:136)
================================================================================
Pig Stack Trace
---------------
ERROR 1003: Unable to find an operator for alias state_details

org.apache.pig.impl.logicalLayer.FrontendException: ERROR 1001: Unable to describe schema for alias state_details
	at org.apache.pig.PigServer.dumpSchema(PigServer.java:787)
	at org.apache.pig.tools.grunt.GruntParser.processDescribe(GruntParser.java:306)
	at org.apache.pig.tools.pigscript.parser.PigScriptParser.parse(PigScriptParser.java:412)
	at org.apache.pig.tools.grunt.GruntParser.parseStopOnError(GruntParser.java:198)
	at org.apache.pig.tools.grunt.GruntParser.parseStopOnError(GruntParser.java:173)
	at org.apache.pig.tools.grunt.Grunt.run(Grunt.java:69)
	at org.apache.pig.Main.run(Main.java:547)
	at org.apache.pig.Main.main(Main.java:158)
	at sun.reflect.NativeMethodAccessorImpl.invoke0(Native Method)
	at sun.reflect.NativeMethodAccessorImpl.invoke(NativeMethodAccessorImpl.java:62)
	at sun.reflect.DelegatingMethodAccessorImpl.invoke(DelegatingMethodAccessorImpl.java:43)
	at java.lang.reflect.Method.invoke(Method.java:498)
	at org.apache.hadoop.util.RunJar.run(RunJar.java:221)
	at org.apache.hadoop.util.RunJar.main(RunJar.java:136)
Caused by: org.apache.pig.impl.logicalLayer.FrontendException: ERROR 1003: Unable to find an operator for alias state_details
	at org.apache.pig.PigServer$Graph.buildPlan(PigServer.java:1525)
	at org.apache.pig.PigServer.buildStorePlan(PigServer.java:1276)
	at org.apache.pig.PigServer.getOperatorForAlias(PigServer.java:1396)
	at org.apache.pig.PigServer.dumpSchema(PigServer.java:770)
	... 13 more
================================================================================
Pig Stack Trace
---------------
ERROR 1003: Unable to find an operator for alias state_details

org.apache.pig.impl.logicalLayer.FrontendException: ERROR 1001: Unable to describe schema for alias state_details
	at org.apache.pig.PigServer.dumpSchema(PigServer.java:787)
	at org.apache.pig.tools.grunt.GruntParser.processDescribe(GruntParser.java:306)
	at org.apache.pig.tools.pigscript.parser.PigScriptParser.parse(PigScriptParser.java:412)
	at org.apache.pig.tools.grunt.GruntParser.parseStopOnError(GruntParser.java:198)
	at org.apache.pig.tools.grunt.GruntParser.parseStopOnError(GruntParser.java:173)
	at org.apache.pig.tools.grunt.Grunt.run(Grunt.java:69)
	at org.apache.pig.Main.run(Main.java:547)
	at org.apache.pig.Main.main(Main.java:158)
	at sun.reflect.NativeMethodAccessorImpl.invoke0(Native Method)
	at sun.reflect.NativeMethodAccessorImpl.invoke(NativeMethodAccessorImpl.java:62)
	at sun.reflect.DelegatingMethodAccessorImpl.invoke(DelegatingMethodAccessorImpl.java:43)
	at java.lang.reflect.Method.invoke(Method.java:498)
	at org.apache.hadoop.util.RunJar.run(RunJar.java:221)
	at org.apache.hadoop.util.RunJar.main(RunJar.java:136)
Caused by: org.apache.pig.impl.logicalLayer.FrontendException: ERROR 1003: Unable to find an operator for alias state_details
	at org.apache.pig.PigServer$Graph.buildPlan(PigServer.java:1525)
	at org.apache.pig.PigServer.buildStorePlan(PigServer.java:1276)
	at org.apache.pig.PigServer.getOperatorForAlias(PigServer.java:1396)
	at org.apache.pig.PigServer.dumpSchema(PigServer.java:770)
	... 13 more
================================================================================
Pig Stack Trace
---------------
ERROR 1000: Error during parsing. Encountered " <PATH> "{group: "" at line 1, column 1.
Was expecting one of:
    <EOF> 
    "cat" ...
    "clear" ...
    "fs" ...
    "sh" ...
    "cd" ...
    "cp" ...
    "copyFromLocal" ...
    "copyToLocal" ...
    "dump" ...
    "\\d" ...
    "describe" ...
    "\\de" ...
    "aliases" ...
    "explain" ...
    "\\e" ...
    "help" ...
    "history" ...
    "kill" ...
    "ls" ...
    "mv" ...
    "mkdir" ...
    "pwd" ...
    "quit" ...
    "\\q" ...
    "register" ...
    "rm" ...
    "rmf" ...
    "set" ...
    "illustrate" ...
    "\\i" ...
    "run" ...
    "exec" ...
    "scriptDone" ...
    "" ...
    "" ...
    <EOL> ...
    ";" ...
    

org.apache.pig.tools.pigscript.parser.ParseException: Encountered " <PATH> "{group: "" at line 1, column 1.
Was expecting one of:
    <EOF> 
    "cat" ...
    "clear" ...
    "fs" ...
    "sh" ...
    "cd" ...
    "cp" ...
    "copyFromLocal" ...
    "copyToLocal" ...
    "dump" ...
    "\\d" ...
    "describe" ...
    "\\de" ...
    "aliases" ...
    "explain" ...
    "\\e" ...
    "help" ...
    "history" ...
    "kill" ...
    "ls" ...
    "mv" ...
    "mkdir" ...
    "pwd" ...
    "quit" ...
    "\\q" ...
    "register" ...
    "rm" ...
    "rmf" ...
    "set" ...
    "illustrate" ...
    "\\i" ...
    "run" ...
    "exec" ...
    "scriptDone" ...
    "" ...
    "" ...
    <EOL> ...
    ";" ...
    
	at org.apache.pig.tools.pigscript.parser.PigScriptParser.generateParseException(PigScriptParser.java:1428)
	at org.apache.pig.tools.pigscript.parser.PigScriptParser.handle_invalid_command(PigScriptParser.java:1236)
	at org.apache.pig.tools.pigscript.parser.PigScriptParser.parse(PigScriptParser.java:710)
	at org.apache.pig.tools.grunt.GruntParser.parseStopOnError(GruntParser.java:198)
	at org.apache.pig.tools.grunt.GruntParser.parseStopOnError(GruntParser.java:173)
	at org.apache.pig.tools.grunt.Grunt.run(Grunt.java:69)
	at org.apache.pig.Main.run(Main.java:547)
	at org.apache.pig.Main.main(Main.java:158)
	at sun.reflect.NativeMethodAccessorImpl.invoke0(Native Method)
	at sun.reflect.NativeMethodAccessorImpl.invoke(NativeMethodAccessorImpl.java:62)
	at sun.reflect.DelegatingMethodAccessorImpl.invoke(DelegatingMethodAccessorImpl.java:43)
	at java.lang.reflect.Method.invoke(Method.java:498)
	at org.apache.hadoop.util.RunJar.run(RunJar.java:221)
	at org.apache.hadoop.util.RunJar.main(RunJar.java:136)
================================================================================
