Pig Stack Trace
---------------
ERROR 1025: 
<line 19, column 26> Invalid field projection. Projected field [population] does not exist in schema: group:int,populated_data:bag{:tuple(name:chararray,county:chararray,state_code:int,population:int)}.

org.apache.pig.impl.plan.PlanValidationException: ERROR 1025: 
<line 19, column 26> Invalid field projection. Projected field [population] does not exist in schema: group:int,populated_data:bag{:tuple(name:chararray,county:chararray,state_code:int,population:int)}.
	at org.apache.pig.newplan.logical.expression.ProjectExpression.findColNum(ProjectExpression.java:191)
	at org.apache.pig.newplan.logical.expression.ProjectExpression.setColumnNumberFromAlias(ProjectExpression.java:174)
	at org.apache.pig.newplan.logical.visitor.ColumnAliasConversionVisitor$1.visit(ColumnAliasConversionVisitor.java:53)
	at org.apache.pig.newplan.logical.expression.ProjectExpression.accept(ProjectExpression.java:215)
	at org.apache.pig.newplan.DependencyOrderWalker.walk(DependencyOrderWalker.java:75)
	at org.apache.pig.newplan.PlanVisitor.visit(PlanVisitor.java:52)
	at org.apache.pig.newplan.logical.optimizer.AllExpressionVisitor.visitAll(AllExpressionVisitor.java:72)
	at org.apache.pig.newplan.logical.optimizer.AllExpressionVisitor.visit(AllExpressionVisitor.java:161)
	at org.apache.pig.newplan.logical.relational.LOSort.accept(LOSort.java:121)
	at org.apache.pig.newplan.DependencyOrderWalker.walk(DependencyOrderWalker.java:75)
	at org.apache.pig.newplan.PlanVisitor.visit(PlanVisitor.java:52)
	at org.apache.pig.PigServer$Graph.compile(PigServer.java:1728)
	at org.apache.pig.PigServer$Graph.validateQuery(PigServer.java:1661)
	at org.apache.pig.PigServer$Graph.registerQuery(PigServer.java:1633)
	at org.apache.pig.PigServer.registerQuery(PigServer.java:587)
	at org.apache.pig.tools.grunt.GruntParser.processPig(GruntParser.java:1093)
	at org.apache.pig.tools.pigscript.parser.PigScriptParser.parse(PigScriptParser.java:501)
	at org.apache.pig.tools.grunt.GruntParser.parseStopOnError(GruntParser.java:198)
	at org.apache.pig.tools.grunt.GruntParser.parseStopOnError(GruntParser.java:173)
	at org.apache.pig.tools.grunt.Grunt.run(Grunt.java:69)
	at org.apache.pig.Main.run(Main.java:547)
	at org.apache.pig.Main.main(Main.java:158)
	at sun.reflect.NativeMethodAccessorImpl.invoke0(Native Method)
	at sun.reflect.NativeMethodAccessorImpl.invoke(NativeMethodAccessorImpl.java:62)
	at sun.reflect.DelegatingMethodAccessorImpl.invoke(DelegatingMethodAccessorImpl.java:43)
	at java.lang.reflect.Method.invoke(Method.java:498)
	at org.apache.hadoop.util.RunJar.run(RunJar.java:221)
	at org.apache.hadoop.util.RunJar.main(RunJar.java:136)
================================================================================
Pig Stack Trace
---------------
ERROR 1200: Pig script failed to parse: 
<line 17, column 17> Undefined alias: order_populated_data

Failed to parse: Pig script failed to parse: 
<line 17, column 17> Undefined alias: order_populated_data
	at org.apache.pig.parser.QueryParserDriver.parse(QueryParserDriver.java:196)
	at org.apache.pig.PigServer$Graph.validateQuery(PigServer.java:1660)
	at org.apache.pig.PigServer$Graph.registerQuery(PigServer.java:1633)
	at org.apache.pig.PigServer.registerQuery(PigServer.java:587)
	at org.apache.pig.tools.grunt.GruntParser.processPig(GruntParser.java:1093)
	at org.apache.pig.tools.pigscript.parser.PigScriptParser.parse(PigScriptParser.java:501)
	at org.apache.pig.tools.grunt.GruntParser.parseStopOnError(GruntParser.java:198)
	at org.apache.pig.tools.grunt.GruntParser.parseStopOnError(GruntParser.java:173)
	at org.apache.pig.tools.grunt.Grunt.run(Grunt.java:69)
	at org.apache.pig.Main.run(Main.java:547)
	at org.apache.pig.Main.main(Main.java:158)
	at sun.reflect.NativeMethodAccessorImpl.invoke0(Native Method)
	at sun.reflect.NativeMethodAccessorImpl.invoke(NativeMethodAccessorImpl.java:62)
	at sun.reflect.DelegatingMethodAccessorImpl.invoke(DelegatingMethodAccessorImpl.java:43)
	at java.lang.reflect.Method.invoke(Method.java:498)
	at org.apache.hadoop.util.RunJar.run(RunJar.java:221)
	at org.apache.hadoop.util.RunJar.main(RunJar.java:136)
Caused by: 
<line 17, column 17> Undefined alias: order_populated_data
	at org.apache.pig.parser.AstValidator.validateAliasRef(AstValidator.java:278)
	at org.apache.pig.parser.AstValidator.rel(AstValidator.java:6526)
	at org.apache.pig.parser.AstValidator.limit_clause(AstValidator.java:11053)
	at org.apache.pig.parser.AstValidator.op_clause(AstValidator.java:1723)
	at org.apache.pig.parser.AstValidator.general_statement(AstValidator.java:1035)
	at org.apache.pig.parser.AstValidator.statement(AstValidator.java:499)
	at org.apache.pig.parser.AstValidator.query(AstValidator.java:373)
	at org.apache.pig.parser.QueryParserDriver.validateAst(QueryParserDriver.java:255)
	at org.apache.pig.parser.QueryParserDriver.parse(QueryParserDriver.java:183)
	... 16 more
================================================================================
Pig Stack Trace
---------------
ERROR 1066: Unable to open iterator for alias result

org.apache.pig.impl.logicalLayer.FrontendException: ERROR 1066: Unable to open iterator for alias result
	at org.apache.pig.PigServer.openIterator(PigServer.java:892)
	at org.apache.pig.tools.grunt.GruntParser.processDump(GruntParser.java:774)
	at org.apache.pig.tools.pigscript.parser.PigScriptParser.parse(PigScriptParser.java:372)
	at org.apache.pig.tools.grunt.GruntParser.parseStopOnError(GruntParser.java:198)
	at org.apache.pig.tools.grunt.GruntParser.parseStopOnError(GruntParser.java:173)
	at org.apache.pig.tools.grunt.Grunt.run(Grunt.java:69)
	at org.apache.pig.Main.run(Main.java:547)
	at org.apache.pig.Main.main(Main.java:158)
	at sun.reflect.NativeMethodAccessorImpl.invoke0(Native Method)
	at sun.reflect.NativeMethodAccessorImpl.invoke(NativeMethodAccessorImpl.java:62)
	at sun.reflect.DelegatingMethodAccessorImpl.invoke(DelegatingMethodAccessorImpl.java:43)
	at java.lang.reflect.Method.invoke(Method.java:498)
	at org.apache.hadoop.util.RunJar.run(RunJar.java:221)
	at org.apache.hadoop.util.RunJar.main(RunJar.java:136)
Caused by: java.io.IOException: Job terminated with anomalous status FAILED
	at org.apache.pig.PigServer.openIterator(PigServer.java:884)
	... 13 more
================================================================================
